<?xml version="1.0" encoding="utf-8"?>
<TestRun id="b2fae103-f9ea-49d8-a8c7-e19f69f4856f" name="Admin@DESKTOP-O8ESL65 2021-04-25 12:12:00" runUser="DESKTOP-O8ESL65\Admin" xmlns="http://microsoft.com/schemas/VisualStudio/TeamTest/2010">
  <Times creation="2021-04-25T12:12:00.7012146-07:00" queuing="2021-04-25T12:12:00.7012165-07:00" start="2021-04-25T12:11:53.8315737-07:00" finish="2021-04-25T12:12:00.7097452-07:00" />
  <TestSettings name="default" id="aa71e132-fe07-405a-afdb-be9b2de4e9ba">
    <Deployment runDeploymentRoot="Admin_DESKTOP-O8ESL65_2021-04-25_12_12_00" />
  </TestSettings>
  <Results>
    <UnitTestResult executionId="f4ad4fa3-f700-41b4-9b85-62cda9964b0c" testId="866dc8f9-4904-d418-445e-ab79e07f2ebe" testName="SJCRUDStock.UnitTesting.UnitTest1.Test1" computerName="DESKTOP-O8ESL65" duration="00:00:00.0066201" startTime="2021-04-25T12:12:00.5560515-07:00" endTime="2021-04-25T12:12:00.5561855-07:00" testType="13cdc9d9-ddb5-4fa4-a97d-d965ccfc6d4b" outcome="Passed" testListId="8c84fa94-04c1-424b-9868-57a2d4851a1d" relativeResultsDirectory="f4ad4fa3-f700-41b4-9b85-62cda9964b0c" />
  </Results>
  <TestDefinitions>
    <UnitTest name="SJCRUDStock.UnitTesting.UnitTest1.Test1" storage="c:\users\admin\workspace\stockjock\dotnet-crud-stock\aspnet\sjcrudstock.unittesting\bin\debug\net5.0\sjcrudstock.unittesting.dll" id="866dc8f9-4904-d418-445e-ab79e07f2ebe">
      <Execution id="f4ad4fa3-f700-41b4-9b85-62cda9964b0c" />
      <TestMethod codeBase="C:\Users\Admin\Workspace\StockJock\dotnet-crud-stock\aspnet\SJCRUDStock.UnitTesting\bin\Debug\net5.0\SJCRUDStock.UnitTesting.dll" adapterTypeName="executor://xunit/VsTestRunner2/netcoreapp" className="SJCRUDStock.UnitTesting.UnitTest1" name="Test1" />
    </UnitTest>
  </TestDefinitions>
  <TestEntries>
    <TestEntry testId="866dc8f9-4904-d418-445e-ab79e07f2ebe" executionId="f4ad4fa3-f700-41b4-9b85-62cda9964b0c" testListId="8c84fa94-04c1-424b-9868-57a2d4851a1d" />
  </TestEntries>
  <TestLists>
    <TestList name="Results Not in a List" id="8c84fa94-04c1-424b-9868-57a2d4851a1d" />
    <TestList name="All Loaded Results" id="19431567-8539-422a-85d7-44ee4e166bda" />
  </TestLists>
  <ResultSummary outcome="Completed">
    <Counters total="1" executed="1" passed="1" failed="0" error="0" timeout="0" aborted="0" inconclusive="0" passedButRunAborted="0" notRunnable="0" notExecuted="0" disconnected="0" warning="0" completed="0" inProgress="0" pending="0" />
    <Output>
      <StdOut>[xUnit.net 00:00:00.01] xUnit.net VSTest Adapter v2.4.3+1b45f5407b (64-bit .NET 5.0.0)&#xD;
[xUnit.net 00:00:05.38]   Discovering: SJCRUDStock.UnitTesting&#xD;
[xUnit.net 00:00:05.43]   Discovered:  SJCRUDStock.UnitTesting&#xD;
[xUnit.net 00:00:05.43]   Starting:    SJCRUDStock.UnitTesting&#xD;
[xUnit.net 00:00:05.62]   Finished:    SJCRUDStock.UnitTesting&#xD;
</StdOut>
    </Output>
  </ResultSummary>
</TestRun>