<?xml version="1.0" encoding="utf-8"?>
<TestRun id="437811ab-4e5e-4bd3-9d1e-90051daa8c3f" name="Admin@DESKTOP-O8ESL65 2021-04-25 12:08:05" runUser="DESKTOP-O8ESL65\Admin" xmlns="http://microsoft.com/schemas/VisualStudio/TeamTest/2010">
  <Times creation="2021-04-25T12:08:05.0759264-07:00" queuing="2021-04-25T12:08:05.0759280-07:00" start="2021-04-25T12:07:57.4433244-07:00" finish="2021-04-25T12:08:05.0848391-07:00" />
  <TestSettings name="default" id="e1773614-40a2-40cd-95b3-05ea9e931169">
    <Deployment runDeploymentRoot="Admin_DESKTOP-O8ESL65_2021-04-25_12_08_05" />
  </TestSettings>
  <Results>
    <UnitTestResult executionId="8ae8e6ed-7086-467f-b74c-36e8a73756a2" testId="866dc8f9-4904-d418-445e-ab79e07f2ebe" testName="SJCRUDStock.UnitTesting.UnitTest1.Test1" computerName="DESKTOP-O8ESL65" duration="00:00:00.0044920" startTime="2021-04-25T12:08:04.8550585-07:00" endTime="2021-04-25T12:08:04.8551817-07:00" testType="13cdc9d9-ddb5-4fa4-a97d-d965ccfc6d4b" outcome="Passed" testListId="8c84fa94-04c1-424b-9868-57a2d4851a1d" relativeResultsDirectory="8ae8e6ed-7086-467f-b74c-36e8a73756a2" />
  </Results>
  <TestDefinitions>
    <UnitTest name="SJCRUDStock.UnitTesting.UnitTest1.Test1" storage="c:\users\admin\workspace\stockjock\dotnet-crud-stock\aspnet\sjcrudstock.unittesting\bin\debug\net5.0\sjcrudstock.unittesting.dll" id="866dc8f9-4904-d418-445e-ab79e07f2ebe">
      <Execution id="8ae8e6ed-7086-467f-b74c-36e8a73756a2" />
      <TestMethod codeBase="C:\Users\Admin\Workspace\StockJock\dotnet-crud-stock\aspnet\SJCRUDStock.UnitTesting\bin\Debug\net5.0\SJCRUDStock.UnitTesting.dll" adapterTypeName="executor://xunit/VsTestRunner2/netcoreapp" className="SJCRUDStock.UnitTesting.UnitTest1" name="Test1" />
    </UnitTest>
  </TestDefinitions>
  <TestEntries>
    <TestEntry testId="866dc8f9-4904-d418-445e-ab79e07f2ebe" executionId="8ae8e6ed-7086-467f-b74c-36e8a73756a2" testListId="8c84fa94-04c1-424b-9868-57a2d4851a1d" />
  </TestEntries>
  <TestLists>
    <TestList name="Results Not in a List" id="8c84fa94-04c1-424b-9868-57a2d4851a1d" />
    <TestList name="All Loaded Results" id="19431567-8539-422a-85d7-44ee4e166bda" />
  </TestLists>
  <ResultSummary outcome="Completed">
    <Counters total="1" executed="1" passed="1" failed="0" error="0" timeout="0" aborted="0" inconclusive="0" passedButRunAborted="0" notRunnable="0" notExecuted="0" disconnected="0" warning="0" completed="0" inProgress="0" pending="0" />
    <Output>
      <StdOut>[xUnit.net 00:00:00.00] xUnit.net VSTest Adapter v2.4.3+1b45f5407b (64-bit .NET 5.0.0)&#xD;
[xUnit.net 00:00:02.94]   Discovering: SJCRUDStock.UnitTesting&#xD;
[xUnit.net 00:00:03.00]   Discovered:  SJCRUDStock.UnitTesting&#xD;
[xUnit.net 00:00:03.00]   Starting:    SJCRUDStock.UnitTesting&#xD;
[xUnit.net 00:00:03.13]   Finished:    SJCRUDStock.UnitTesting&#xD;
</StdOut>
    </Output>
  </ResultSummary>
</TestRun>